# JRE version: OpenJDK Runtime Environment (8.0_202-b03) (build 1.8.0_202-release-1483-b03)
# Java VM: OpenJDK 64-Bit Server VM (25.202-b03 mixed mode windows-amd64 compressed oops)
Heap:
 PSYoungGen      total 402944K, used 271503K [0x00000000e0000000, 0x00000000ff380000, 0x0000000100000000)
  eden space 307712K, 71% used [0x00000000e0000000,0x00000000ed61e098,0x00000000f2c80000)
  from space 95232K, 54% used [0x00000000f9680000,0x00000000fc985f08,0x00000000ff380000)
  to   space 101888K, 0% used [0x00000000f2c80000,0x00000000f2c80000,0x00000000f9000000)
 ParOldGen       total 311296K, used 223132K [0x00000000a0000000, 0x00000000b3000000, 0x00000000e0000000)
  object space 311296K, 71% used [0x00000000a0000000,0x00000000ad9e7108,0x00000000b3000000)
 Metaspace       used 199034K, capacity 210277K, committed 210392K, reserved 1232896K
  class space    used 24817K, capacity 26771K, committed 26840K, reserved 1048576K
GC Heap History (10 events):
Event: 4425.590 GC heap before
{Heap before GC invocations=47 (full 5):
 PSYoungGen      total 426496K, used 408004K [0x00000000e0000000, 0x0000000100000000, 0x0000000100000000)
  eden space 338432K, 100% used [0x00000000e0000000,0x00000000f4a80000,0x00000000f4a80000)
  from space 88064K, 79% used [0x00000000f4a80000,0x00000000f8e71338,0x00000000fa080000)
  to   space 94208K, 0% used [0x00000000fa400000,0x00000000fa400000,0x0000000100000000)
 ParOldGen       total 311296K, used 151848K [0x00000000a0000000, 0x00000000b3000000, 0x00000000e0000000)
  object space 311296K, 48% used [0x00000000a0000000,0x00000000a944a000,0x00000000b3000000)
 Metaspace       used 183957K, capacity 193392K, committed 193624K, reserved 1218560K
  class space    used 22947K, capacity 24626K, committed 24664K, reserved 1048576K
Event: 4425.686 GC heap after
Heap after GC invocations=47 (full 5):
 PSYoungGen      total 380928K, used 94195K [0x00000000e0000000, 0x0000000100000000, 0x0000000100000000)
  eden space 286720K, 0% used [0x00000000e0000000,0x00000000e0000000,0x00000000f1800000)
  from space 94208K, 99% used [0x00000000fa400000,0x00000000ffffcde8,0x0000000100000000)
  to   space 118784K, 0% used [0x00000000f1800000,0x00000000f1800000,0x00000000f8c00000)
 ParOldGen       total 311296K, used 180830K [0x00000000a0000000, 0x00000000b3000000, 0x00000000e0000000)
  object space 311296K, 58% used [0x00000000a0000000,0x00000000ab097968,0x00000000b3000000)
 Metaspace       used 183957K, capacity 193392K, committed 193624K, reserved 1218560K
  class space    used 22947K, capacity 24626K, committed 24664K, reserved 1048576K
}
Event: 4757.320 GC heap before
{Heap before GC invocations=48 (full 5):
 PSYoungGen      total 380928K, used 380915K [0x00000000e0000000, 0x0000000100000000, 0x0000000100000000)
  eden space 286720K, 100% used [0x00000000e0000000,0x00000000f1800000,0x00000000f1800000)
  from space 94208K, 99% used [0x00000000fa400000,0x00000000ffffcde8,0x0000000100000000)
  to   space 118784K, 0% used [0x00000000f1800000,0x00000000f1800000,0x00000000f8c00000)
 ParOldGen       total 311296K, used 180830K [0x00000000a0000000, 0x00000000b3000000, 0x00000000e0000000)
  object space 311296K, 58% used [0x00000000a0000000,0x00000000ab097968,0x00000000b3000000)
 Metaspace       used 186761K, capacity 197372K, committed 197592K, reserved 1222656K
  class space    used 23379K, capacity 25212K, committed 25304K, reserved 1048576K
Event: 4757.435 GC heap after
Heap after GC invocations=48 (full 5):
 PSYoungGen      total 405504K, used 35924K [0x00000000e0000000, 0x0000000100000000, 0x0000000100000000)
  eden space 286720K, 0% used [0x00000000e0000000,0x00000000e0000000,0x00000000f1800000)
  from space 118784K, 30% used [0x00000000f1800000,0x00000000f3b151c8,0x00000000f8c00000)
  to   space 114688K, 0% used [0x00000000f9000000,0x00000000f9000000,0x0000000100000000)
 ParOldGen       total 311296K, used 223108K [0x00000000a0000000, 0x00000000b3000000, 0x00000000e0000000)
  object space 311296K, 71% used [0x00000000a0000000,0x00000000ad9e1108,0x00000000b3000000)
 Metaspace       used 186761K, capacity 197372K, committed 197592K, reserved 1222656K
  class space    used 23379K, capacity 25212K, committed 25304K, reserved 1048576K
}
Event: 5071.320 GC heap before
{Heap before GC invocations=49 (full 5):
 PSYoungGen      total 405504K, used 322644K [0x00000000e0000000, 0x0000000100000000, 0x0000000100000000)
  eden space 286720K, 100% used [0x00000000e0000000,0x00000000f1800000,0x00000000f1800000)
  from space 118784K, 30% used [0x00000000f1800000,0x00000000f3b151c8,0x00000000f8c00000)
  to   space 114688K, 0% used [0x00000000f9000000,0x00000000f9000000,0x0000000100000000)
 ParOldGen       total 311296K, used 223108K [0x00000000a0000000, 0x00000000b3000000, 0x00000000e0000000)
  object space 311296K, 71% used [0x00000000a0000000,0x00000000ad9e1108,0x00000000b3000000)
 Metaspace       used 187089K, capacity 197774K, committed 197848K, reserved 1222656K
  class space    used 23400K, capacity 25235K, committed 25304K, reserved 1048576K
Event: 5071.501 GC heap after
Heap after GC invocations=49 (full 5):
 PSYoungGen      total 393216K, used 36364K [0x00000000e0000000, 0x00000000ff400000, 0x0000000100000000)
  eden space 290816K, 0% used [0x00000000e0000000,0x00000000e0000000,0x00000000f1c00000)
  from space 102400K, 35% used [0x00000000f9000000,0x00000000fb383080,0x00000000ff400000)
  to   space 110592K, 0% used [0x00000000f1c00000,0x00000000f1c00000,0x00000000f8800000)
 ParOldGen       total 311296K, used 223116K [0x00000000a0000000, 0x00000000b3000000, 0x00000000e0000000)
  object space 311296K, 71% used [0x00000000a0000000,0x00000000ad9e3108,0x00000000b3000000)
 Metaspace       used 187089K, capacity 197774K, committed 197848K, reserved 1222656K
  class space    used 23400K, capacity 25235K, committed 25304K, reserved 1048576K
}
Event: 5089.832 GC heap before
{Heap before GC invocations=50 (full 5):
 PSYoungGen      total 393216K, used 327180K [0x00000000e0000000, 0x00000000ff400000, 0x0000000100000000)
  eden space 290816K, 100% used [0x00000000e0000000,0x00000000f1c00000,0x00000000f1c00000)
  from space 102400K, 35% used [0x00000000f9000000,0x00000000fb383080,0x00000000ff400000)
  to   space 110592K, 0% used [0x00000000f1c00000,0x00000000f1c00000,0x00000000f8800000)
 ParOldGen       total 311296K, used 223116K [0x00000000a0000000, 0x00000000b3000000, 0x00000000e0000000)
  object space 311296K, 71% used [0x00000000a0000000,0x00000000ad9e3108,0x00000000b3000000)
 Metaspace       used 189504K, capacity 200293K, committed 200536K, reserved 1224704K
  class space    used 23736K, capacity 25607K, committed 25688K, reserved 1048576K
Event: 5089.884 GC heap after
Heap after GC invocations=50 (full 5):
 PSYoungGen      total 401408K, used 38627K [0x00000000e0000000, 0x00000000ffe00000, 0x0000000100000000)
  eden space 290816K, 0% used [0x00000000e0000000,0x00000000e0000000,0x00000000f1c00000)
  from space 110592K, 34% used [0x00000000f1c00000,0x00000000f41b8fe0,0x00000000f8800000)
  to   space 105984K, 0% used [0x00000000f9680000,0x00000000f9680000,0x00000000ffe00000)
 ParOldGen       total 311296K, used 223124K [0x00000000a0000000, 0x00000000b3000000, 0x00000000e0000000)
  object space 311296K, 71% used [0x00000000a0000000,0x00000000ad9e5108,0x00000000b3000000)
 Metaspace       used 189504K, capacity 200293K, committed 200536K, reserved 1224704K
  class space    used 23736K, capacity 25607K, committed 25688K, reserved 1048576K
}
Event: 5092.928 GC heap before
{Heap before GC invocations=51 (full 5):
 PSYoungGen      total 401408K, used 329443K [0x00000000e0000000, 0x00000000ffe00000, 0x0000000100000000)
  eden space 290816K, 100% used [0x00000000e0000000,0x00000000f1c00000,0x00000000f1c00000)
  from space 110592K, 34% used [0x00000000f1c00000,0x00000000f41b8fe0,0x00000000f8800000)
  to   space 105984K, 0% used [0x00000000f9680000,0x00000000f9680000,0x00000000ffe00000)
 ParOldGen       total 311296K, used 223124K [0x00000000a0000000, 0x00000000b3000000, 0x00000000e0000000)
  object space 311296K, 71% used [0x00000000a0000000,0x00000000ad9e5108,0x00000000b3000000)
 Metaspace       used 196113K, capacity 207183K, committed 207448K, reserved 1230848K
  class space    used 24474K, capacity 26428K, committed 26456K, reserved 1048576K
Event: 5092.992 GC heap after
Heap after GC invocations=51 (full 5):
 PSYoungGen      total 402944K, used 52247K [0x00000000e0000000, 0x00000000ff380000, 0x0000000100000000)
  eden space 307712K, 0% used [0x00000000e0000000,0x00000000e0000000,0x00000000f2c80000)
  from space 95232K, 54% used [0x00000000f9680000,0x00000000fc985f08,0x00000000ff380000)
  to   space 101888K, 0% used [0x00000000f2c80000,0x00000000f2c80000,0x00000000f9000000)
 ParOldGen       total 311296K, used 223132K [0x00000000a0000000, 0x00000000b3000000, 0x00000000e0000000)
  object space 311296K, 71% used [0x00000000a0000000,0x00000000ad9e7108,0x00000000b3000000)
 Metaspace       used 196113K, capacity 207183K, committed 207448K, reserved 1230848K
  class space    used 24474K, capacity 26428K, committed 26456K, reserved 1048576K
}

